<?xml version="1.0" encoding="UTF-8"?>
<!-- Generated by org.testng.reporters.JUnitXMLReporter -->
<testsuite ignored="0" hostname="LAPTOP-GJUQBFPT" failures="1" tests="2" name="Test" time="65.721" errors="0" timestamp="2022-06-14T19:10:22 IST">
  <testcase classname="io.cucumber.testng.AbstractTestNGCucumberTests" name="runScenario" time="17.481"/>
  <testcase classname="io.cucumber.testng.AbstractTestNGCucumberTests" name="runScenario" time="45.225">
    <failure type="org.openqa.selenium.TimeoutException" message="Expected condition failed: waiting for visibility of element located by By.xpath: //b[contains(text(),&amp;apos;No. of Items     : &amp;apos;)]//parent::div[contains(text(),&amp;apos;3&amp;apos;)] (tried for 30 second(s) with 3000 milliseconds interval)
Build info: version: &amp;apos;4.1.4&amp;apos;, revision: &amp;apos;535d840ee2&amp;apos;
System info: host: &amp;apos;LAPTOP-GJUQBFPT&amp;apos;, ip: &amp;apos;192.168.1.6&amp;apos;, os.name: &amp;apos;Windows 10&amp;apos;, os.arch: &amp;apos;amd64&amp;apos;, os.version: &amp;apos;10.0&amp;apos;, java.version: &amp;apos;17.0.1&amp;apos;
Driver info: driver.version: unknown">
      <![CDATA[org.openqa.selenium.TimeoutException: Expected condition failed: waiting for visibility of element located by By.xpath: //b[contains(text(),'No. of Items     : ')]//parent::div[contains(text(),'3')] (tried for 30 second(s) with 3000 milliseconds interval)
Build info: version: '4.1.4', revision: '535d840ee2'
System info: host: 'LAPTOP-GJUQBFPT', ip: '192.168.1.6', os.name: 'Windows 10', os.arch: 'amd64', os.version: '10.0', java.version: '17.0.1'
Driver info: driver.version: unknown
at org.openqa.selenium.support.ui.FluentWait.timeoutException(FluentWait.java:263)
at org.openqa.selenium.support.ui.FluentWait.until(FluentWait.java:231)
at resources.base.fluentWait(base.java:49)
at stepdef.GreenKartsteputils.i_verified(GreenKartsteputils.java:59)
at âœ½.I verified "No. of Items     : " is "3"(file:///C:/Users/Dhruv%20Rathod/git/asdasdsada/src/test/resources/features/greenkartaddVeges.feature:31)
]]>
    </failure>
  </testcase> <!-- runScenario -->
</testsuite> <!-- Test -->
