<?xml version="1.0" encoding="UTF-8"?>
<!-- Generated by org.testng.reporters.JUnitReportReporter -->
<testsuite hostname="LAPTOP-GJUQBFPT" failures="0" tests="2" name="testrunner.testRunner" time="63.890" errors="1" timestamp="2022-06-14T18:47:28 IST" skipped="0">
  <testcase classname="testrunner.testRunner" name="runScenario" time="45.917">
    <error message="Expected condition failed: waiting for visibility of element located by By.xpath: //b[contains(text(),&#039;No. of Items     : &#039;)]//parent::div[contains(text(),&#039;3&#039;)] (tried for 30 second(s) with 3000 milliseconds interval)
Build info: version: &#039;4.1.4&#039;, revision: &#039;535d840ee2&#039;
System info: host: &#039;LAPTOP-GJUQBFPT&#039;, ip: &#039;192.168.1.6&#039;, os.name: &#039;Windows 10&#039;, os.arch: &#039;amd64&#039;, os.version: &#039;10.0&#039;, java.version: &#039;17.0.1&#039;
Driver info: driver.version: unknown" type="org.openqa.selenium.TimeoutException">
      <![CDATA[org.openqa.selenium.TimeoutException: Expected condition failed: waiting for visibility of element located by By.xpath: //b[contains(text(),'No. of Items     : ')]//parent::div[contains(text(),'3')] (tried for 30 second(s) with 3000 milliseconds interval)
Build info: version: '4.1.4', revision: '535d840ee2'
System info: host: 'LAPTOP-GJUQBFPT', ip: '192.168.1.6', os.name: 'Windows 10', os.arch: 'amd64', os.version: '10.0', java.version: '17.0.1'
Driver info: driver.version: unknown
at org.openqa.selenium.support.ui.FluentWait.timeoutException(FluentWait.java:263)
at org.openqa.selenium.support.ui.FluentWait.until(FluentWait.java:231)
at resources.base.fluentWait(base.java:49)
at stepdef.GreenKartsteputils.i_verified(GreenKartsteputils.java:59)
at âœ½.I verified "No. of Items     : " is "3"(file:///C:/Users/Dhruv%20Rathod/git/asdasdsada/src/test/resources/features/greenkartaddVeges.feature:31)
]]>
    </error>
  </testcase> <!-- runScenario -->
  <system-out/>
  <testcase classname="testrunner.testRunner" name="runScenario" time="17.973"/>
  <system-out/>
</testsuite> <!-- testrunner.testRunner -->
